

<!DOCTYPE html>
<html>
<head>
<meta charset="UTF-8">
<meta name="viewport" content="width=device-width, initial-scale=1, shrink-to-fit=no">
<title>FinancialLease TestReport</title>
<link rel="apple-touch-icon" href="https://cdn.jsdelivr.net/gh/extent-framework/extent-github-cdn@b00a2d0486596e73dd7326beacf352c639623a0e/commons/img/logo.png">
<link rel="shortcut icon" href="https://cdn.jsdelivr.net/gh/extent-framework/extent-github-cdn@b00a2d0486596e73dd7326beacf352c639623a0e/commons/img/logo.png">
<link href="https://cdn.jsdelivr.net/gh/extent-framework/extent-github-cdn@d6562a79075e061305ccfdb82f01e5e195e2d307/spark/css/spark-style.css" rel="stylesheet" />
<link href="https://stackpath.bootstrapcdn.com/font-awesome/4.7.0/css/font-awesome.min.css" rel="stylesheet">
<script src="https://cdn.jsdelivr.net/gh/extent-framework/extent-github-cdn@7cc78ce/spark/js/jsontree.js"></script>
<style type="text/css"></style></head><body class="spa bdd-report dark">
  <div class="app">
    <div class="layout">
<div class="header navbar">
<div class="vheader">
<div class="nav-logo">
<a href="#">
<div class="logo" style="background-image: url('https://cdn.jsdelivr.net/gh/extent-framework/extent-github-cdn@b00a2d0486596e73dd7326beacf352c639623a0e/commons/img/logo.png')"></div>
</a>
</div>
<ul class="nav-left">
<li class="search-box">
<a class="search-toggle" href="#">
<i class="search-icon fa fa-search"></i>
<i class="search-icon-close fa fa-close"></i>
</a>
</li>
<li class="search-input"><input id="search-tests" class="form-control" type="text" placeholder="Search..."></li>
</ul>
<ul class="nav-right">
<li class="m-r-10">
<a href="#"><span class="badge badge-primary">FinancialLease TestReport</span></a>
</li>
<li class="m-r-10">
<a href="#"><span class="badge badge-primary">Sep 30, 2024 10:26:31 AM</span></a>
</li>
</ul>
</div>
</div><div class="side-nav">
<div class="side-nav-inner">
<ul class="side-nav-menu">
<li class="nav-item dropdown" onclick="toggleView('dashboard-view')">
<a id="nav-dashboard" class="dropdown-toggle" href="#">
<span class="ico"><i class="fa fa-bar-chart"></i></span>
</a>
</li>
<li class="nav-item dropdown" onclick="toggleView('test-view')">
<a id="nav-test" class="dropdown-toggle" href="#">
<span class="ico"><i class="fa fa-list"></i></span>
</a>
</li>
<li class="nav-item dropdown" onclick="toggleView('exception-view')">
<a id="nav-exception" class="dropdown-toggle" href="#">
<span class="ico"><i class="fa fa-bug"></i></span>
</a>
</li>
</ul>
</div>
</div>      <div class="vcontainer">
        <div class="main-content">
<div class="container-fluid p-4 view dashboard-view">
<div class="row">
<div class="col-md-3">
<div class="card"><div class="card-body">
<p class="m-b-0">Started</p>
<h3>Sep 30, 2024 10:26:31 AM</h3>
</div></div>
</div>
<div class="col-md-3">
<div class="card"><div class="card-body">
<p class="m-b-0">Ended</p>
<h3>Sep 30, 2024 10:41:52 AM</h3>
</div></div>
</div>
<div class="col-md-3">
<div class="card"><div class="card-body">
<p class="m-b-0 text-pass">Features Passed</p>
<h3>0</h3>
</div></div>
</div>
<div class="col-md-3">
<div class="card"><div class="card-body">
<p class="m-b-0 text-fail">Features Failed</p>
<h3>1</h3>
</div></div>
</div>
</div>
<div class="row">
<div class="col-md-4">
<div class="card">
<div class="card-header">
<h6 class="card-title">Features</h6>
</div>
<div class="card-body">
<div class="">
<canvas id='parent-analysis' width='115' height='90'></canvas>
</div>
</div>
<div class="card-footer">
<div><small data-tooltip='0%'>
<b>0</b> features passed
</small>
</div>
<div>
<small data-tooltip='100%'><b>1</b> features failed,
<b>0</b> skipped, <b data-tooltip='0%'>0</b> others
</small>
</div>
</div>
</div>
</div>
<div class="col-md-4">
<div class="card">
<div class="card-header">
<h6 class="card-title">Scenarios</h6>
</div>
<div class="card-body">
<div class="">
<canvas id='child-analysis' width='115' height='90'></canvas>
</div>
</div>
<div class="card-footer">
<div><small data-tooltip='0%'><b>0</b> scenarios passed</small></div>
<div>
<small data-tooltip='100%'><b>1</b> scenarios failed,
<b>0</b> skipped, <b data-tooltip='%'>0</b> others
</small>
</div>
</div>
</div>
</div>
<div class="col-md-4">
<div class="card">
<div class="card-header">
<h6 class="card-title">Steps</h6>
</div>
<div class="card-body">
<div class="">
<canvas id='grandchild-analysis' width='115' height='90'></canvas>
</div>
</div>
<div class="card-footer">
<div><small data-tooltip='83%'><b>50</b> steps passed</small></div>
<div>
<small data-tooltip='5%'><b>3</b> steps failed,
<b>7</b> skipped, <b data-tooltip='%'>0</b> others
</small>
</div>
</div>
</div>
</div>
</div>
<div class="row"><div class="col-md-12">
<div class="card"><div class="card-header"><p>Timeline</p></div>
<div class="card-body pt-0"><div>
<canvas id="timeline" height="120"></canvas>
</div></div>
</div>
</div></div>
<script>
var timeline = {
"Login Scenarios":918.488
};
</script>
<div class="row">
<div class="col-lg-6 col-md-12 sysenv-container">
<div class="card">
<div class="card-header"><p>System/Environment</p></div>
<div class="card-body pb-0 pt-0"><table class="table table-sm table-bordered">
<thead><tr class="bg-gray"><th>Name</th><th>Value</th></tr></thead>
<tbody>
<tr>
<td>AppName</td>
<td>FinancialLease.nl</td>
</tr>
<tr>
<td>user</td>
<td>Kalai</td>
</tr>
<tr>
<td>build</td>
<td>2.19.1</td>
</tr>
<tr>
<td>os</td>
<td>Windows</td>
</tr>
</tbody>
</table></div>
</div>
</div>
</div>
</div>
<script>
var statusGroup = {
parentCount: 5,
passParent: 0,
failParent: 1,
warningParent: 0,
skipParent: 0,
childCount: 5,
passChild: 0,
failChild: 1,
warningChild: 0,
skipChild: 0,
infoChild: 0,
grandChildCount: 5,
passGrandChild: 50,
failGrandChild: 3,
warningGrandChild: 0,
skipGrandChild: 7,
infoGrandChild: 0,
eventsCount: 5,
};
</script><div class="test-wrapper row view test-view">
  <div class="test-list">
    <div class="test-list-tools">
<ul class="tools pull-left">
<li><a href="#"><span class="font-size-14">Tests</span></a></li>
</ul>
<ul class="tools text-right">
<li class="dropdown">
<a href="#" class="dropdown-toggle" data-toggle="dropdown"><i class="fa fa-exclamation-circle"></i></a>
<ul id="status-toggle" class="dropdown-menu dropdown-md p-v-0">
<a class="dropdown-item" status="fail" href="#"><span>Fail</span><span class="status danger"></span></a>
<div class="dropdown-divider"></div>
<a status="clear" class="dropdown-item" href="#"><span>Clear</span><span class="pull-right"><i class="fa fa-close"></i></span></a>
</ul>
</li>
</ul>
</div>    <div class="test-list-wrapper scrollable">
      <ul class="test-list-item">
        <li class="test-item"  status="fail" test-id="1"
          author=""
          tag=""
          device="">
          <div class="test-detail">
            <p class="name">Login Scenarios</p>
            <p class="text-sm">
              <span>10:26:33 AM</span> / <span>00:15:18:488</span>
              <span class="badge fail-bg log float-right">Fail</span>
            </p>
          </div>
          <div class="test-contents d-none">
<div class="detail-head">
<div class="p-v-10">
<div class="info">
<h5 class="test-status text-fail">Login Scenarios</h5>
<span class='badge badge-success'>09.30.2024 10:26:33 AM</span>
<span class='badge badge-danger'>09.30.2024 10:41:52 AM</span>
<span class='badge badge-default'>00:15:18:488</span>
&middot; <span class='uri-anchor badge badge-default'>#test-id=1</span>
<span class='badge badge-default pointer float-right ml-1 et'><i class="fa fa-chevron-down"></i></span>
<span class='badge badge-default pointer float-right ct'><i class="fa fa-chevron-up"></i></span>
</div>
<div class="m-t-10 m-l-5"></div>
</div>
</div>
<div class="accordion mt-4">
  <div class="card">
    <div class="card-header" role="tab">
      <div class="card-title">
        <div class="node" id="2"><span class="badge log fail-bg mr-2">Fail</span>FINANCIALLEASE.NL APP FUNCTIONAL AUTOMATION</div>
      </div>
    </div>
        <div class="">
          <div class="card-body">
              <div class="step pass-bg" title="AppStepDef.LoginPageSteps.the_user_launches_the_financiallease_app()">
                <span>Given the user launches the financiallease app</span>
      <div>
      </div>
              </div>
              <div class="step pass-bg" title="AppStepDef.LoginPageSteps.the_user_navigates_to_profile_tab()">
                <span>And the user navigates to profile tab</span>
      <div>
      </div>
              </div>
              <div class="step pass-bg" title="AppStepDef.LoginPageSteps.the_user_clicks_login_button()">
                <span>When the user clicks login button</span>
      <div>
      </div>
              </div>
              <div class="step pass-bg" title="AppStepDef.LoginPageSteps.the_user_enter_username(java.lang.String)">
                <span>When the user enter username "kalai.neelamegam+t25@financiallease.nl"</span>
      <div>
      </div>
              </div>
              <div class="step pass-bg" title="AppStepDef.LoginPageSteps.the_user_clicks_Doorgaan()">
                <span>And the user clicks Doorgaan</span>
      <div>
      </div>
              </div>
              <div class="step pass-bg" title="AppStepDef.LoginPageSteps.the_user_enter_password(java.lang.String)">
                <span>When the user enter password "Apple#2024"</span>
      <div>
      </div>
              </div>
              <div class="step pass-bg" title="AppStepDef.LoginPageSteps.the_user_clicks_Doorgaan()">
                <span>And the user clicks Doorgaan</span>
      <div>
      </div>
              </div>
              <div class="step pass-bg" title="AppStepDef.LoginPageSteps.the_user_navigates_to_profile_tab()">
                <span>And the user navigates to profile tab</span>
      <div>
      </div>
              </div>
              <div class="step pass-bg" title="AppStepDef.LeaseRequestSteps.the_user_clicks_LeaseRequests_option()">
                <span>When the user clicks LeaseRequests option</span>
      <div>
      </div>
              </div>
              <div class="step pass-bg" title="AppStepDef.LeaseRequestSteps.the_user_closes_the_App_update_popup()">
                <span>And the user closes the App update popup</span>
      <div>
      </div>
              </div>
              <div class="step pass-bg" title="AppStepDef.LeaseRequestSteps.the_user_should_get(java.lang.String)">
                <span>Then the user should get "Je hebt geen lopende aanvragen"</span>
      <div>
      </div>
              </div>
              <div class="step pass-bg" title="AppStepDef.LeaseRequestSteps.the_user_clicks_back_button_in_the_alle_aanvragen_screen()">
                <span>And the user clicks back button in the alle aanvragen screen</span>
      <div>
      </div>
              </div>
              <div class="step pass-bg" title="AppStepDef.EditPersonalCompanyDetailsSteps.the_user_click_Profile_button()">
                <span>When the user click Profile button</span>
      <div>
      </div>
              </div>
              <div class="step pass-bg" title="AppStepDef.EditPersonalCompanyDetailsSteps.the_user_clicks_Persoonsgegevens_Aanpassen()">
                <span>When the user clicks Persoonsgegevens Aanpassen</span>
      <div>
      </div>
              </div>
              <div class="step pass-bg" title="AppStepDef.EditPersonalCompanyDetailsSteps.the_user_Remove_the_exisitng_value_and_submit_the_empty_persoonsgegevens_form()">
                <span>When the user Remove the existing value and submit the empty persoonsgegevens form</span>
      <div>
      </div>
              </div>
              <div class="step pass-bg" title="AppStepDef.EditPersonalCompanyDetailsSteps.the_user_should_get_error_message_for_all_mandatory_fields()">
                <span>Then the user should get error message for all mandatory fields</span>
      <div>
      </div>
              </div>
              <div class="step pass-bg" title="AppStepDef.EditPersonalCompanyDetailsSteps.the_user_edit_value_of_Telefoonnumber_as(java.lang.String)">
                <span>When the user edit value of Telefoonnumber as "8888"</span>
      <div>
      </div>
              </div>
              <div class="step pass-bg" title="AppStepDef.EditPersonalCompanyDetailsSteps.the_user_should_get_error_message_for_invalid_Telefoonnumber(java.lang.String)">
                <span>Then the user should get error message for invalid Telefoonnumber "Telefoonnummer is te kort"</span>
      <div>
      </div>
              </div>
              <div class="step pass-bg" title="AppStepDef.EditPersonalCompanyDetailsSteps.the_user_edit_value_for_date_of_birth(java.lang.String,java.lang.String,java.lang.String)">
                <span>When the user edit value for date of birth "56" "25" "2050"</span>
      <div>
      </div>
              </div>
              <div class="step pass-bg" title="AppStepDef.EditPersonalCompanyDetailsSteps.the_user_should_get_error_message_for_invalid_data()">
                <span>Then the user should get error message for invalid data</span>
      <div>
      </div>
              </div>
              <div class="step pass-bg" title="AppStepDef.EditPersonalCompanyDetailsSteps.the_user_enter_valid_data_in_all_mandatory_fields(java.lang.String,java.lang.String,java.lang.String,java.lang.String,java.lang.String,java.lang.String,java.lang.String,java.lang.String)">
                <span>When the user enter valid data in all mandatory fields "Vrouw" "BlackEagle" "BE" "BEAST" "0684799932" "21" "06" "1993"</span>
      <div>
      </div>
              </div>
              <div class="step pass-bg" title="AppStepDef.EditPersonalCompanyDetailsSteps.the_user_should_receive_the_notification_Opgeslagen()">
                <span>Then the user should receive the notification Opgeslagen</span>
      <div>
      </div>
              </div>
              <div class="step pass-bg" title="AppStepDef.EditPersonalCompanyDetailsSteps.the_user_clicks_Bedrijfsgegevens_Aanpassen()">
                <span>When the user clicks Bedrijfsgegevens Aanpassen</span>
      <div>
      </div>
              </div>
              <div class="step pass-bg" title="AppStepDef.EditPersonalCompanyDetailsSteps.the_user_Remove_the_existing_value_and_submit_the_empty_Bedrijfsgegevens_form()">
                <span>When the user Remove the existing value and submit the empty Bedrijfsgegevens form</span>
      <div>
      </div>
              </div>
              <div class="step pass-bg" title="AppStepDef.EditPersonalCompanyDetailsSteps.the_user_should_get_error_message_for_all_mandatory_fields_in_Bedrijfsgegevens_form()">
                <span>Then the user should get error message for all mandatory fields in Bedrijfsgegevens form</span>
      <div>
      </div>
              </div>
              <div class="step pass-bg" title="AppStepDef.EditPersonalCompanyDetailsSteps.the_user_edit_value_of_kvk_as(java.lang.String)">
                <span>When the user edit value of kvk as "97979797"</span>
      <div>
      </div>
              </div>
              <div class="step pass-bg" title="AppStepDef.EditPersonalCompanyDetailsSteps.the_user_should_receive_the_notification_Opgeslagen()">
                <span>Then the user should receive the notification Opgeslagen</span>
      <div>
      </div>
              </div>
              <div class="step pass-bg" title="AppStepDef.EditPersonalCompanyDetailsSteps.the_user_is_navigated_back_to_Profile_section()">
                <span>And the user is navigated back to Profile section</span>
      <div>
      </div>
              </div>
              <div class="step pass-bg" title="AppStepDef.FaqContactSteps.the_user_clicks_Contact_us_option()">
                <span>When the user clicks Contact us option</span>
      <div>
      </div>
              </div>
              <div class="step pass-bg" title="AppStepDef.FaqContactSteps.the_contact_options_are_visible_on_the_screen()">
                <span>Then the contact options are visible on the screen</span>
      <div>
      </div>
              </div>
              <div class="step pass-bg" title="AppStepDef.FaqContactSteps.the_user_click_sluit_button()">
                <span>When the user click sluit button</span>
      <div>
      </div>
              </div>
              <div class="step pass-bg" title="AppStepDef.FaqContactSteps.the_user_clicks_FAQ_Option()">
                <span>When the user clicks FAQ Option</span>
      <div>
      </div>
              </div>
              <div class="step pass-bg" title="AppStepDef.FaqContactSteps.the_user_navigates_to_FAQ_screen()">
                <span>Then the user navigates to FAQ screen</span>
      <div>
      </div>
              </div>
              <div class="step pass-bg" title="AppStepDef.FaqContactSteps.the_user_clicks_back_arrow_of_FAQ_screen()">
                <span>When the user clicks back arrow of FAQ screen</span>
      <div>
      </div>
              </div>
              <div class="step pass-bg" title="AppStepDef.FeedbackFormSteps.the_user_clicks_on_the_feedback_form()">
                <span>When the user clicks on the feedback form</span>
      <div>
      </div>
              </div>
              <div class="step pass-bg" title="AppStepDef.FeedbackFormSteps.the_user_clicks_Versturen()">
                <span>And the user clicks Versturen</span>
      <div>
      </div>
              </div>
              <div class="step pass-bg" title="AppStepDef.FeedbackFormSteps.the_user_should_get_error_message_for_empty_submission()">
                <span>Then the user should get error message for empty submission</span>
      <div>
      </div>
              </div>
              <div class="step pass-bg" title="AppStepDef.FeedbackFormSteps.the_user_is_navigated_back_from_feedback_screen()">
                <span>And the user is navigated back from feedback screen</span>
      <div>
      </div>
              </div>
              <div class="step pass-bg" title="AppStepDef.FeedbackFormSteps.the_user_clicks_on_the_feedback_form()">
                <span>When the user clicks on the feedback form</span>
      <div>
      </div>
              </div>
              <div class="step pass-bg" title="AppStepDef.FeedbackFormSteps.the_user_enters_valid_feedback(java.lang.String)">
                <span>Then the user enters valid feedback "The app is working super Fast"</span>
      <div>
      </div>
              </div>
              <div class="step pass-bg" title="AppStepDef.FeedbackFormSteps.the_user_clicks_Versturen()">
                <span>And the user clicks Versturen</span>
      <div>
      </div>
              </div>
              <div class="step pass-bg" title="AppStepDef.FeedbackFormSteps.the_user_clicks_sluit_button()">
                <span>When the user clicks sluit button</span>
      <div>
      </div>
              </div>
              <div class="step pass-bg" title="AppStepDef.TermsConditionsSteps.the_user_clicks_privacy_policy_option()">
                <span>When the user clicks privacy policy option</span>
      <div>
      </div>
              </div>
              <div class="step pass-bg" title="AppStepDef.TermsConditionsSteps.the_user_is_navigated_to_privacy_policy_webpage()">
                <span>Then the user is navigated to privacy policy webpage</span>
      <div>
      </div>
              </div>
              <div class="step pass-bg" title="AppStepDef.TermsConditionsSteps.the_user_is_navigated_back_to_profile_tab()">
                <span>And the user is navigated back to profile tab</span>
      <div>
      </div>
              </div>
              <div class="step pass-bg" title="AppStepDef.TermsConditionsSteps.the_user_clicks_TermsOfUse_options()">
                <span>When the user clicks TermsOfUse options</span>
      <div>
      </div>
              </div>
              <div class="step pass-bg" title="AppStepDef.TermsConditionsSteps.the_user_is_navigated_to_Terms_policy_webpage()">
                <span>Then the user is navigated to Terms policy webpage</span>
      <div>
      </div>
              </div>
              <div class="step pass-bg" title="AppStepDef.TermsConditionsSteps.the_user_is_navigated_back_to_profile_tab()">
                <span>And the user is navigated back to profile tab</span>
      <div>
      </div>
              </div>
              <div class="step pass-bg" title="AppStepDef.LogOutSteps.the_user_clicks_on_the_Uitloggen_button()">
                <span>When the user clicks on the Uitloggen button</span>
      <div>
      </div>
              </div>
              <div class="step pass-bg" title="AppStepDef.LogOutSteps.the_Inloggen_option_is_available_to_the_user()">
                <span>Then the Inloggen option is available to the user</span>
      <div>
      </div>
              </div>
              <div class="step fail-bg" title="AppStepDef.AccountDeletionSteps.the_user_clicks_on_account_deletion_option()">
                <span>When the user clicks on account deletion option</span>
      <div>
        <textarea disabled class="code-block">org.openqa.selenium.TimeoutException: java.util.concurrent.TimeoutException
Build info: version: '4.13.0', revision: 'ba948ece5b*'
System info: os.name: 'Windows 11', os.arch: 'amd64', os.version: '10.0', java.version: '17.0.8.1'
Driver info: io.appium.java_client.android.AndroidDriver
Command: [5a341184-c35d-40be-86f9-e1486db7dc43, findElement {using=-android uiautomator, value=new UiScrollable(new UiSelector().scrollable(true).instance(0)).scrollIntoView(new UiSelector().textMatches("Account verwijderen").instance(0))}]
Capabilities {appium:app: C:\Users\Kalai\eclipse-work..., appium:appPackage: com.financiallease.dev, appium:automationName: UIAutomator2, appium:databaseEnabled: false, appium:desired: {app: C:\Users\Kalai\eclipse-work..., automationName: UIAutomator2, deviceName: FL, platformName: ANDROID}, appium:deviceApiLevel: 30, appium:deviceManufacturer: unknown, appium:deviceModel: Android SDK built for x86, appium:deviceName: emulator-5554, appium:deviceScreenDensity: 560, appium:deviceScreenSize: 1440x3120, appium:deviceUDID: emulator-5554, appium:javascriptEnabled: true, appium:locationContextEnabled: false, appium:networkConnectionEnabled: true, appium:pixelRatio: 3.5, appium:platformVersion: 11, appium:statBarHeight: 136, appium:takesScreenshot: true, appium:viewportRect: {height: 2680, left: 0, top: 136, width: 1440}, appium:warnings: {}, appium:webStorageEnabled: false, platformName: ANDROID}
Session ID: 5a341184-c35d-40be-86f9-e1486db7dc43
	at org.openqa.selenium.remote.http.netty.NettyHttpHandler.makeCall(NettyHttpHandler.java:65)
	at io.appium.java_client.AppiumUserAgentFilter.lambda$apply$0(AppiumUserAgentFilter.java:88)
	at org.openqa.selenium.remote.http.Filter.lambda$andFinally$1(Filter.java:55)
	at org.openqa.selenium.remote.http.netty.NettyHttpHandler.execute(NettyHttpHandler.java:48)
	at org.openqa.selenium.remote.http.netty.NettyClient.execute(NettyClient.java:96)
	at org.openqa.selenium.remote.HttpCommandExecutor.execute(HttpCommandExecutor.java:188)
	at io.appium.java_client.remote.AppiumCommandExecutor.execute(AppiumCommandExecutor.java:250)
	at org.openqa.selenium.remote.RemoteWebDriver.execute(RemoteWebDriver.java:602)
	at org.openqa.selenium.remote.ElementLocation$ElementFinder$2.findElement(ElementLocation.java:165)
	at org.openqa.selenium.remote.ElementLocation.findElement(ElementLocation.java:59)
	at org.openqa.selenium.remote.RemoteWebDriver.findElement(RemoteWebDriver.java:359)
	at org.openqa.selenium.remote.RemoteWebDriver.findElement(RemoteWebDriver.java:353)
	at AppPages.AccountDeletionPage.ClickAccountDeletion(AccountDeletionPage.java:26)
	at AppStepDef.AccountDeletionSteps.the_user_clicks_on_account_deletion_option(AccountDeletionSteps.java:15)
	at âœ½.the user clicks on account deletion option(file:///C:/Users/Kalai/eclipse-workspace/pf/src/test/resourcess/resources/AppFeatures/Loginsettings.feature:101)
Caused by: java.util.concurrent.TimeoutException
	at java.base/java.util.concurrent.CompletableFuture.timedGet(CompletableFuture.java:1960)
	at java.base/java.util.concurrent.CompletableFuture.get(CompletableFuture.java:2095)
	at org.asynchttpclient.netty.NettyResponseFuture.get(NettyResponseFuture.java:206)
	at org.openqa.selenium.remote.http.netty.NettyHttpHandler.makeCall(NettyHttpHandler.java:59)
	at io.appium.java_client.AppiumUserAgentFilter.lambda$apply$0(AppiumUserAgentFilter.java:88)
	at org.openqa.selenium.remote.http.Filter.lambda$andFinally$1(Filter.java:55)
	at org.openqa.selenium.remote.http.netty.NettyHttpHandler.execute(NettyHttpHandler.java:48)
	at org.openqa.selenium.remote.http.netty.NettyClient.execute(NettyClient.java:96)
	at org.openqa.selenium.remote.HttpCommandExecutor.execute(HttpCommandExecutor.java:188)
	at io.appium.java_client.remote.AppiumCommandExecutor.execute(AppiumCommandExecutor.java:250)
	at org.openqa.selenium.remote.RemoteWebDriver.execute(RemoteWebDriver.java:602)
	at org.openqa.selenium.remote.ElementLocation$ElementFinder$2.findElement(ElementLocation.java:165)
	at org.openqa.selenium.remote.ElementLocation.findElement(ElementLocation.java:59)
	at org.openqa.selenium.remote.RemoteWebDriver.findElement(RemoteWebDriver.java:359)
	at org.openqa.selenium.remote.RemoteWebDriver.findElement(RemoteWebDriver.java:353)
	at AppPages.AccountDeletionPage.ClickAccountDeletion(AccountDeletionPage.java:26)
	at AppStepDef.AccountDeletionSteps.the_user_clicks_on_account_deletion_option(AccountDeletionSteps.java:15)
	at java.base/jdk.internal.reflect.NativeMethodAccessorImpl.invoke0(Native Method)
	at java.base/jdk.internal.reflect.NativeMethodAccessorImpl.invoke(NativeMethodAccessorImpl.java:77)
	at java.base/jdk.internal.reflect.DelegatingMethodAccessorImpl.invoke(DelegatingMethodAccessorImpl.java:43)
	at java.base/java.lang.reflect.Method.invoke(Method.java:568)
	at io.cucumber.java.Invoker.doInvoke(Invoker.java:66)
	at io.cucumber.java.Invoker.invoke(Invoker.java:24)
	at io.cucumber.java.AbstractGlueDefinition.invokeMethod(AbstractGlueDefinition.java:47)
	at io.cucumber.java.JavaStepDefinition.execute(JavaStepDefinition.java:29)
	at io.cucumber.core.runner.CoreStepDefinition.execute(CoreStepDefinition.java:66)
	at io.cucumber.core.runner.PickleStepDefinitionMatch.runStep(PickleStepDefinitionMatch.java:63)
	at io.cucumber.core.runner.ExecutionMode$1.execute(ExecutionMode.java:10)
	at io.cucumber.core.runner.TestStep.executeStep(TestStep.java:81)
	at io.cucumber.core.runner.TestStep.run(TestStep.java:53)
	at io.cucumber.core.runner.PickleStepTestStep.run(PickleStepTestStep.java:51)
	at io.cucumber.core.runner.TestCase.run(TestCase.java:84)
	at io.cucumber.core.runner.Runner.runPickle(Runner.java:75)
	at io.cucumber.junit.PickleRunners$WithStepDescriptions.lambda$run$1(PickleRunners.java:109)
	at io.cucumber.core.runtime.CucumberExecutionContext.lambda$runTestCase$5(CucumberExecutionContext.java:136)
	at io.cucumber.core.runtime.RethrowingThrowableCollector.executeAndThrow(RethrowingThrowableCollector.java:23)
	at io.cucumber.core.runtime.CucumberExecutionContext.runTestCase(CucumberExecutionContext.java:136)
	at io.cucumber.junit.PickleRunners$WithStepDescriptions.run(PickleRunners.java:106)
	at io.cucumber.junit.FeatureRunner.runChild(FeatureRunner.java:144)
	at io.cucumber.junit.FeatureRunner.runChild(FeatureRunner.java:28)
	at org.junit.runners.ParentRunner$3.run(ParentRunner.java:290)
	at org.junit.runners.ParentRunner$1.schedule(ParentRunner.java:71)
	at org.junit.runners.ParentRunner.runChildren(ParentRunner.java:288)
	at org.junit.runners.ParentRunner.access$000(ParentRunner.java:58)
	at org.junit.runners.ParentRunner$2.evaluate(ParentRunner.java:268)
	at org.junit.runners.ParentRunner.run(ParentRunner.java:363)
	at io.cucumber.junit.FeatureRunner.run(FeatureRunner.java:137)
	at io.cucumber.junit.Cucumber.runChild(Cucumber.java:196)
	at io.cucumber.junit.Cucumber.runChild(Cucumber.java:89)
	at org.junit.runners.ParentRunner$3.run(ParentRunner.java:290)
	at org.junit.runners.ParentRunner$1.schedule(ParentRunner.java:71)
	at org.junit.runners.ParentRunner.runChildren(ParentRunner.java:288)
	at org.junit.runners.ParentRunner.access$000(ParentRunner.java:58)
	at org.junit.runners.ParentRunner$2.evaluate(ParentRunner.java:268)
	at io.cucumber.core.runtime.CucumberExecutionContext.lambda$runFeatures$6(CucumberExecutionContext.java:147)
	at io.cucumber.core.runtime.CucumberExecutionContext.execute(CucumberExecutionContext.java:162)
	at io.cucumber.core.runtime.CucumberExecutionContext.runFeatures(CucumberExecutionContext.java:145)
	at io.cucumber.junit.Cucumber$StartAndFinishTestRun.evaluate(Cucumber.java:226)
	at org.junit.runners.ParentRunner.run(ParentRunner.java:363)
	at org.eclipse.jdt.internal.junit4.runner.JUnit4TestReference.run(JUnit4TestReference.java:93)
	at org.eclipse.jdt.internal.junit.runner.TestExecution.run(TestExecution.java:40)
	at org.eclipse.jdt.internal.junit.runner.RemoteTestRunner.runTests(RemoteTestRunner.java:529)
	at org.eclipse.jdt.internal.junit.runner.RemoteTestRunner.runTests(RemoteTestRunner.java:756)
	at org.eclipse.jdt.internal.junit.runner.RemoteTestRunner.run(RemoteTestRunner.java:452)
	at org.eclipse.jdt.internal.junit.runner.RemoteTestRunner.main(RemoteTestRunner.java:210)
</textarea>
      
      </div>
              </div>
              <div class="step skip-bg" title="AppStepDef.AccountDeletionSteps.the_user_clickcs_close_button_of_Account_deletion()">
                <span>When the user clicks close button of Account deletion</span>
      <div>Step skipped
      </div>
              </div>
              <div class="step skip-bg" title="AppStepDef.AccountDeletionSteps.the_user_is_navigated_back_to_persoonlijke_informatie_Screen()">
                <span>Then the user is navigated back to persoonlijke informatie screen</span>
      <div>Step skipped
      </div>
              </div>
              <div class="step skip-bg" title="AppStepDef.AccountDeletionSteps.the_user_clicks_on_account_deletion_option()">
                <span>When the user clicks on account deletion option</span>
      <div>Step skipped
      </div>
              </div>
              <div class="step skip-bg" >
                <span>When the user clicks Toon button</span>
      <div>Step skipped
      </div>
              </div>
              <div class="step skip-bg" title="AppStepDef.AccountDeletionSteps.the_user_enter_the_password(java.lang.String)">
                <span>When the user enter the password "Apple#29"</span>
      <div>Step skipped
      </div>
              </div>
              <div class="step skip-bg" title="AppStepDef.AccountDeletionSteps.the_user_clicks_Account_Deletion_button()">
                <span>Then the user clicks Account Deletion button</span>
      <div>Step skipped
      </div>
              </div>
              <div class="step skip-bg" title="AppStepDef.LeaseRequestSteps.the_user_should_get(java.lang.String)">
                <span>Then the user should get "Onjuist wachtwoord"</span>
      <div>Step skipped
      </div>
              </div>
              <div class="step fail-bg" title="AFTER">
                <span>AppHooks.ApplicationHooks.embedScreenshot(io.cucumber.java.Scenario)</span>
      <div>
        <textarea disabled class="code-block">org.openqa.selenium.NoSuchSessionException: A session is either terminated or not started
Build info: version: '4.13.0', revision: 'ba948ece5b*'
System info: os.name: 'Windows 11', os.arch: 'amd64', os.version: '10.0', java.version: '17.0.8.1'
Driver info: io.appium.java_client.android.AndroidDriver
Command: [5a341184-c35d-40be-86f9-e1486db7dc43, screenshot {}]
Capabilities {appium:app: C:\Users\Kalai\eclipse-work..., appium:appPackage: com.financiallease.dev, appium:automationName: UIAutomator2, appium:databaseEnabled: false, appium:desired: {app: C:\Users\Kalai\eclipse-work..., automationName: UIAutomator2, deviceName: FL, platformName: ANDROID}, appium:deviceApiLevel: 30, appium:deviceManufacturer: unknown, appium:deviceModel: Android SDK built for x86, appium:deviceName: emulator-5554, appium:deviceScreenDensity: 560, appium:deviceScreenSize: 1440x3120, appium:deviceUDID: emulator-5554, appium:javascriptEnabled: true, appium:locationContextEnabled: false, appium:networkConnectionEnabled: true, appium:pixelRatio: 3.5, appium:platformVersion: 11, appium:statBarHeight: 136, appium:takesScreenshot: true, appium:viewportRect: {height: 2680, left: 0, top: 136, width: 1440}, appium:warnings: {}, appium:webStorageEnabled: false, platformName: ANDROID}
Session ID: 5a341184-c35d-40be-86f9-e1486db7dc43
	at java.base/jdk.internal.reflect.NativeConstructorAccessorImpl.newInstance0(Native Method)
	at java.base/jdk.internal.reflect.NativeConstructorAccessorImpl.newInstance(NativeConstructorAccessorImpl.java:77)
	at java.base/jdk.internal.reflect.DelegatingConstructorAccessorImpl.newInstance(DelegatingConstructorAccessorImpl.java:45)
	at java.base/java.lang.reflect.Constructor.newInstanceWithCaller(Constructor.java:499)
	at java.base/java.lang.reflect.Constructor.newInstance(Constructor.java:480)
	at org.openqa.selenium.remote.codec.w3c.W3CHttpResponseCodec.createException(W3CHttpResponseCodec.java:200)
	at org.openqa.selenium.remote.codec.w3c.W3CHttpResponseCodec.decode(W3CHttpResponseCodec.java:133)
	at org.openqa.selenium.remote.codec.w3c.W3CHttpResponseCodec.decode(W3CHttpResponseCodec.java:52)
	at org.openqa.selenium.remote.HttpCommandExecutor.execute(HttpCommandExecutor.java:191)
	at io.appium.java_client.remote.AppiumCommandExecutor.execute(AppiumCommandExecutor.java:250)
	at org.openqa.selenium.remote.RemoteWebDriver.execute(RemoteWebDriver.java:602)
	at org.openqa.selenium.remote.RemoteWebDriver.execute(RemoteWebDriver.java:675)
	at io.appium.java_client.AppiumDriver.execute(AppiumDriver.java:313)
	at org.openqa.selenium.remote.RemoteWebDriver.getScreenshotAs(RemoteWebDriver.java:325)
	at io.appium.java_client.AppiumDriver.getScreenshotAs(AppiumDriver.java:322)
	at AppHooks.ApplicationHooks.embedScreenshot(ApplicationHooks.java:72)
</textarea>
      
      </div>
              </div>
              <div class="step fail-bg" title="AFTER">
                <span>AppHooks.ApplicationHooks.quitApp()</span>
      <div>
        <textarea disabled class="code-block">org.openqa.selenium.NoSuchSessionException: A session is either terminated or not started
Build info: version: '4.13.0', revision: 'ba948ece5b*'
System info: os.name: 'Windows 11', os.arch: 'amd64', os.version: '10.0', java.version: '17.0.8.1'
Driver info: io.appium.java_client.android.AndroidDriver
Command: [5a341184-c35d-40be-86f9-e1486db7dc43, quit {}]
Capabilities {appium:app: C:\Users\Kalai\eclipse-work..., appium:appPackage: com.financiallease.dev, appium:automationName: UIAutomator2, appium:databaseEnabled: false, appium:desired: {app: C:\Users\Kalai\eclipse-work..., automationName: UIAutomator2, deviceName: FL, platformName: ANDROID}, appium:deviceApiLevel: 30, appium:deviceManufacturer: unknown, appium:deviceModel: Android SDK built for x86, appium:deviceName: emulator-5554, appium:deviceScreenDensity: 560, appium:deviceScreenSize: 1440x3120, appium:deviceUDID: emulator-5554, appium:javascriptEnabled: true, appium:locationContextEnabled: false, appium:networkConnectionEnabled: true, appium:pixelRatio: 3.5, appium:platformVersion: 11, appium:statBarHeight: 136, appium:takesScreenshot: true, appium:viewportRect: {height: 2680, left: 0, top: 136, width: 1440}, appium:warnings: {}, appium:webStorageEnabled: false, platformName: ANDROID}
Session ID: 5a341184-c35d-40be-86f9-e1486db7dc43
	at java.base/jdk.internal.reflect.NativeConstructorAccessorImpl.newInstance0(Native Method)
	at java.base/jdk.internal.reflect.NativeConstructorAccessorImpl.newInstance(NativeConstructorAccessorImpl.java:77)
	at java.base/jdk.internal.reflect.DelegatingConstructorAccessorImpl.newInstance(DelegatingConstructorAccessorImpl.java:45)
	at java.base/java.lang.reflect.Constructor.newInstanceWithCaller(Constructor.java:499)
	at java.base/java.lang.reflect.Constructor.newInstance(Constructor.java:480)
	at org.openqa.selenium.remote.codec.w3c.W3CHttpResponseCodec.createException(W3CHttpResponseCodec.java:200)
	at org.openqa.selenium.remote.codec.w3c.W3CHttpResponseCodec.decode(W3CHttpResponseCodec.java:133)
	at org.openqa.selenium.remote.codec.w3c.W3CHttpResponseCodec.decode(W3CHttpResponseCodec.java:52)
	at org.openqa.selenium.remote.HttpCommandExecutor.execute(HttpCommandExecutor.java:191)
	at io.appium.java_client.remote.AppiumCommandExecutor.execute(AppiumCommandExecutor.java:250)
	at org.openqa.selenium.remote.RemoteWebDriver.execute(RemoteWebDriver.java:602)
	at org.openqa.selenium.remote.RemoteWebDriver.execute(RemoteWebDriver.java:675)
	at io.appium.java_client.AppiumDriver.execute(AppiumDriver.java:313)
	at org.openqa.selenium.remote.RemoteWebDriver.quit(RemoteWebDriver.java:437)
	at AppHooks.ApplicationHooks.quitApp(ApplicationHooks.java:60)
</textarea>
      
      </div>
              </div>
          </div>
        </div>
  </div>
</div>
          </div>
        </li>
      </ul>
    </div>
  </div>
<div class="test-content scrollable">
<div class="test-content-tools">
<ul><li><a class="back-to-test" href="#"><i class="fa fa-arrow-left"></i></a></li></ul>
</div>
<div class="test-content-detail"><div class="detail-body"></div></div>
</div></div>
<div class="test-wrapper row view exception-view attributes-view">
<div class="test-list">
<div class="test-list-tools">
<ul class="tools pull-left"><li><a href=""><span class="font-size-14">Exception</span></a></li></ul>
<ul class="tools text-right"><li><a href="#"><span class="badge badge-primary">2</span></a></li></ul>
</div>
<div class="test-list-wrapper scrollable">
<ul class="test-list-item">
<li class="test-item">
<div class="test-detail">
<span class="meta">
<span class='badge log badge-danger'>1</span>
</span>
<p class="name">org.openqa.selenium.TimeoutException</p>
<p class="duration text-sm">1 tests</p>
</div>
<div class="test-contents d-none">
<div class="info">
<h4>org.openqa.selenium.TimeoutException</h4>
<span status="fail" class='badge log badge-danger'>1 failed</span>
</div>
<table class='table table-sm mt-4'>
<thead>
<tr>
<th class="status-col">Status</th>
<th class="timestamp-col">Timestamp</th>
<th>TestName</th>
</tr>
</thead>
<tbody>
<tr class="tag-test-status" status="fail">
<td><span class="badge log fail-bg">Fail</span></td>
<td>10:31:50 AM</td>
<td>
<a href="#" class="linked" test-id='1' id='56'>When the user clicks on account deletion option</a>
<div class="">
<span class="badge badge-default">Login Scenarios.FINANCIALLEASE.NL APP FUNCTIONAL AUTOMATION.When the user clicks on account deletion option</span>
</div>
</td>
</tr>
</tbody>
</table>
</div>
</li>
<li class="test-item">
<div class="test-detail">
<span class="meta">
<span class='badge log badge-danger'>2</span>
</span>
<p class="name">org.openqa.selenium.NoSuchSessionException</p>
<p class="duration text-sm">2 tests</p>
</div>
<div class="test-contents d-none">
<div class="info">
<h4>org.openqa.selenium.NoSuchSessionException</h4>
<span status="fail" class='badge log badge-danger'>2 failed</span>
</div>
<table class='table table-sm mt-4'>
<thead>
<tr>
<th class="status-col">Status</th>
<th class="timestamp-col">Timestamp</th>
<th>TestName</th>
</tr>
</thead>
<tbody>
<tr class="tag-test-status" status="fail">
<td><span class="badge log fail-bg">Fail</span></td>
<td>10:41:50 AM</td>
<td>
<a href="#" class="linked" test-id='1' id='64'>AppHooks.ApplicationHooks.embedScreenshot(io.cucumber.java.Scenario)</a>
<div class="">
<span class="badge badge-default">Login Scenarios.FINANCIALLEASE.NL APP FUNCTIONAL AUTOMATION.AppHooks.ApplicationHooks.embedScreenshot(io.cucumber.java.Scenario)</span>
</div>
</td>
</tr>
<tr class="tag-test-status" status="fail">
<td><span class="badge log fail-bg">Fail</span></td>
<td>10:41:51 AM</td>
<td>
<a href="#" class="linked" test-id='1' id='65'>AppHooks.ApplicationHooks.quitApp()</a>
<div class="">
<span class="badge badge-default">Login Scenarios.FINANCIALLEASE.NL APP FUNCTIONAL AUTOMATION.AppHooks.ApplicationHooks.quitApp()</span>
</div>
</td>
</tr>
</tbody>
</table>
</div>
</li>
</ul>
</div>
</div>
<div class="test-content scrollable">
<div class="test-content-detail">
<div class="detail-body"></div>
</div>
</div>
</div>        </div>
      </div>
    </div>
  </div>
<script src="https://cdn.jsdelivr.net/gh/extent-framework/extent-github-cdn@d6562a79075e061305ccfdb82f01e5e195e2d307/spark/js/spark-script.js"></script>
<script type="text/javascript"></script></body>
</html>